<?xml version="1.0" encoding="UTF-8"?>
<!-- Generated by org.testng.reporters.JUnitReportReporter -->
<testsuite hostname="DESKTOP-QKCBHM1" failures="0" tests="4" name="tests.GeneralTests" time="32.510" errors="0" timestamp="2022-04-02T01:32:51 EET" skipped="0">
  <testcase classname="tests.GeneralTests" name="InvokeBrowser" time="1.849"/>
  <system-out/>
  <testcase classname="tests.GeneralTests" name="Test1" time="17.369"/>
  <system-out/>
  <testcase classname="tests.GeneralTests" name="Test2" time="11.699"/>
  <system-out/>
  <testcase classname="tests.GeneralTests" name="Test3" time="1.593"/>
  <system-out/>
</testsuite> <!-- tests.GeneralTests -->
